Info: CustomCategory:code_review_category: 78 mini seconds publishing element
Info: DeliveryProcess:Preparation: 422 mini seconds publishing element
Info: DeliveryProcess:Preparation: 31 mini seconds publishing process specific layout data
Info: DeliveryProcess:Review: 374 mini seconds publishing element
Info: DeliveryProcess:Review: 31 mini seconds publishing process specific layout data
Info: DeliveryProcess:Feedback_and_Updates: 188 mini seconds publishing element
Info: DeliveryProcess:Feedback_and_Updates: 31 mini seconds publishing process specific layout data
Info: DeliveryProcess:Monitoring_and_Reporting: 140 mini seconds publishing element
Info: DeliveryProcess:Monitoring_and_Reporting: 16 mini seconds publishing process specific layout data
Info: : 33884 mini-second(s) publishing element TaskDescriptor:review_of_requirements[CodeReviewPlugin\deliveryprocesses\review_of_requirements_19BA1082.html]
Info: TaskDescriptor:review_of_requirements: 33884 mini seconds publishing element
Info: TaskDescriptor:develop_code: 15 mini seconds publishing element
Info: TaskDescriptor:plan_review_process: 15 mini seconds publishing element
Info: : 12933 mini-second(s) publishing element TaskDescriptor:set_code_for_review[CodeReviewPlugin\deliveryprocesses\set_code_for_review_D23842F3.html]
Info: TaskDescriptor:set_code_for_review: 12933 mini seconds publishing element
Info: TaskDescriptor:write_tests: 968 mini seconds publishing element
Info: RoleDescriptor:project_manager: 312 mini seconds publishing element
Info: RoleDescriptor:quality_analyst: 16 mini seconds publishing element
Info: RoleDescriptor:reviewer: 15 mini seconds publishing element
Info: RoleDescriptor:senior_reviewer: 16 mini seconds publishing element
Info: RoleDescriptor:software_developer: 16 mini seconds publishing element
Info: RoleDescriptor:tester: 15 mini seconds publishing element
Info: WorkProductDescriptor:code_review_plan: 359 mini seconds publishing element
Info: WorkProductDescriptor:following_coding_standards: 16 mini seconds publishing element
Info: WorkProductDescriptor:increased_team_collaboration: 15 mini seconds publishing element
Info: WorkProductDescriptor:project_review_plan: 16 mini seconds publishing element
Info: WorkProductDescriptor:project_task_list: 31 mini seconds publishing element
Info: WorkProductDescriptor:source_code: 31 mini seconds publishing element
Info: WorkProductDescriptor:specification_for_developer: 15 mini seconds publishing element
Info: WorkProductDescriptor:specification_for_reviews: 32 mini seconds publishing element
Info: WorkProductDescriptor:specification_for_tests: 62 mini seconds publishing element
Info: WorkProductDescriptor:specification_requirements: 47 mini seconds publishing element
Info: WorkProductDescriptor:tests: 15 mini seconds publishing element
Info: : 5570 mini-second(s) publishing element TaskDescriptor:read_code_and_documentation[CodeReviewPlugin\deliveryprocesses\read_code_and_documentation_6BEC932B.html]
Info: TaskDescriptor:read_code_and_documentation: 5570 mini seconds publishing element
Info: TaskDescriptor:review_of_requirements: 15 mini seconds publishing element
Info: : 11092 mini-second(s) publishing element TaskDescriptor:run_code_analysis[CodeReviewPlugin\deliveryprocesses\run_code_analysis_41E56134.html]
Info: TaskDescriptor:run_code_analysis: 11092 mini seconds publishing element
Info: TaskDescriptor:check_test_results: 15 mini seconds publishing element
Info: TaskDescriptor:rewiew_of_code: 16 mini seconds publishing element
Info: RoleDescriptor:project_manager: 16 mini seconds publishing element
Info: RoleDescriptor:quality_analyst: 15 mini seconds publishing element
Info: RoleDescriptor:reviewer: 16 mini seconds publishing element
Info: RoleDescriptor:senior_reviewer: 15 mini seconds publishing element
Info: RoleDescriptor:tester: 16 mini seconds publishing element
Info: WorkProductDescriptor:analysis_report: 16 mini seconds publishing element
Info: WorkProductDescriptor:code_review_plan: 15 mini seconds publishing element
Info: WorkProductDescriptor:following_coding_standards: 0 mini seconds publishing element
Info: WorkProductDescriptor:improved_code_quality: 0 mini seconds publishing element
Info: WorkProductDescriptor:project_review_plan: 15 mini seconds publishing element
Info: WorkProductDescriptor:review: 0 mini seconds publishing element
Info: WorkProductDescriptor:project_review_documents: 0 mini seconds publishing element
Info: WorkProductDescriptor:source_code: 16 mini seconds publishing element
Info: WorkProductDescriptor:specification_for_analysts: 15 mini seconds publishing element
Info: WorkProductDescriptor:specification_for_developer: 16 mini seconds publishing element
Info: WorkProductDescriptor:specification_for_reviews: 0 mini seconds publishing element
Info: WorkProductDescriptor:specification_requirements: 15 mini seconds publishing element
Info: WorkProductDescriptor:test_report: 16 mini seconds publishing element
Info: TaskDescriptor:assist_developer_in_addressing_issues: 16 mini seconds publishing element
Info: TaskDescriptor:update_code: 15 mini seconds publishing element
Info: TaskDescriptor:write_report_on_code_review: 16 mini seconds publishing element
Info: RoleDescriptor:project_manager: 15 mini seconds publishing element
Info: RoleDescriptor:quality_analyst: 16 mini seconds publishing element
Info: RoleDescriptor:reviewer: 0 mini seconds publishing element
Info: RoleDescriptor:senior_reviewer: 16 mini seconds publishing element
Info: RoleDescriptor:software_developer: 0 mini seconds publishing element
Info: RoleDescriptor:tester: 15 mini seconds publishing element
Info: WorkProductDescriptor:analysis_report: 16 mini seconds publishing element
Info: WorkProductDescriptor:code_review_plan: 0 mini seconds publishing element
Info: WorkProductDescriptor:improved_code_quality: 15 mini seconds publishing element
Info: WorkProductDescriptor:increased_team_collaboration: 16 mini seconds publishing element
Info: WorkProductDescriptor:review: 16 mini seconds publishing element
Info: WorkProductDescriptor:project_review_documents: 0 mini seconds publishing element
Info: WorkProductDescriptor:review_report: 15 mini seconds publishing element
Info: WorkProductDescriptor:source_code: 16 mini seconds publishing element
Info: WorkProductDescriptor:specification_for_reviews: 0 mini seconds publishing element
Info: WorkProductDescriptor:specification_requirements: 15 mini seconds publishing element
Info: WorkProductDescriptor:test_report: 0 mini seconds publishing element
Info: WorkProductDescriptor:tests: 16 mini seconds publishing element
Info: WorkProductDescriptor:updated_code: 16 mini seconds publishing element
Info: TaskDescriptor:monitor_effectivness_of_code_review: 15 mini seconds publishing element
Info: TaskDescriptor:track_progress_of_code_review: 16 mini seconds publishing element
Info: RoleDescriptor:project_manager: 15 mini seconds publishing element
Info: RoleDescriptor:senior_reviewer: 0 mini seconds publishing element
Info: WorkProductDescriptor:analysis_report: 16 mini seconds publishing element
Info: WorkProductDescriptor:code_review_plan: 0 mini seconds publishing element
Info: WorkProductDescriptor:improved_code_quality: 0 mini seconds publishing element
Info: WorkProductDescriptor:increased_team_collaboration: 15 mini seconds publishing element
Info: WorkProductDescriptor:project_review_plan: 0 mini seconds publishing element
Info: WorkProductDescriptor:project_status_reports: 16 mini seconds publishing element
Info: WorkProductDescriptor:project_task_list: 15 mini seconds publishing element
Info: WorkProductDescriptor:review: 16 mini seconds publishing element
Info: WorkProductDescriptor:project_review_documents: 0 mini seconds publishing element
Info: WorkProductDescriptor:review_report: 0 mini seconds publishing element
Info: WorkProductDescriptor:specification_for_reviews: 15 mini seconds publishing element
Info: : 5866 mini-second(s) publishing element Task:review_of_requirements[CodeReviewPlugin\tasks\review_of_requirements_AA7980EE.html]
Info: Task:review_of_requirements: 5866 mini seconds publishing element
Info: Task:develop_code: 15 mini seconds publishing element
Info: Task:plan_review_process: 16 mini seconds publishing element
Info: : 3104 mini-second(s) publishing element Task:set_code_for_review[CodeReviewPlugin\tasks\set_code_for_review_53115B58.html]
Info: Task:set_code_for_review: 3104 mini seconds publishing element
Info: Task:write_tests: 188 mini seconds publishing element
Info: Role:project_manager: 530 mini seconds publishing element
Info: Role:quality_analyst: 31 mini seconds publishing element
Info: Role:reviewer: 47 mini seconds publishing element
Info: Guideline:reviewer_guideline: 31 mini seconds publishing element
Info: Role:senior_reviewer: 16 mini seconds publishing element
Info: Role:software_developer: 62 mini seconds publishing element
Info: Guideline:developer_guideline: 31 mini seconds publishing element
Info: Role:tester: 32 mini seconds publishing element
Info: Deliverable:code_review_plan: 15 mini seconds publishing element
Info: Outcome:following_coding_standards: 16 mini seconds publishing element
Info: Outcome:increased_team_collaboration: 15 mini seconds publishing element
Info: Deliverable:project_review_plan: 16 mini seconds publishing element
Info: Deliverable:project_task_list: 0 mini seconds publishing element
Info: Deliverable:source_code: 16 mini seconds publishing element
Info: Deliverable:specification_for_developer: 15 mini seconds publishing element
Info: Deliverable:specification_for_reviews: 16 mini seconds publishing element
Info: Deliverable:specification_for_tests: 218 mini seconds publishing element
Info: Deliverable:specification_requirements: 16 mini seconds publishing element
Info: Deliverable:tests: 171 mini seconds publishing element
Info: Task:read_code_and_documentation: 936 mini seconds publishing element
Info: : 3916 mini-second(s) publishing element Task:run_code_analysis[CodeReviewPlugin\tasks\run_code_analysis_4D9F2083.html]
Info: Task:run_code_analysis: 3916 mini seconds publishing element
Info: Task:check_test_results: 16 mini seconds publishing element
Info: Task:rewiew_of_code: 15 mini seconds publishing element
Info: Deliverable:analysis_report: 0 mini seconds publishing element
Info: Outcome:improved_code_quality: 16 mini seconds publishing element
Info: Deliverable:review: 31 mini seconds publishing element
Info: Deliverable:project_review_documents: 16 mini seconds publishing element
Info: Deliverable:specification_for_analysts: 15 mini seconds publishing element
Info: Deliverable:test_report: 0 mini seconds publishing element
Info: Task:assist_developer_in_addressing_issues: 16 mini seconds publishing element
Info: Task:update_code: 15 mini seconds publishing element
Info: Task:write_report_on_code_review: 16 mini seconds publishing element
Info: Deliverable:review_report: 16 mini seconds publishing element
Info: Deliverable:updated_code: 0 mini seconds publishing element
Info: Task:monitor_effectivness_of_code_review: 0 mini seconds publishing element
Info: Task:track_progress_of_code_review: 0 mini seconds publishing element
Info: Deliverable:project_status_reports: 15 mini seconds publishing element
Info: Discipline:code_review: 0 mini seconds publishing element
Info: Discipline:quality_assurance_and_feedback: 16 mini seconds publishing element
Info: Practice:code_review_best_practices: 16 mini seconds publishing element
Info: Discipline:software_development: 15 mini seconds publishing element
Info: Practice:writing_better_code_best_practice: 16 mini seconds publishing element
Info: Discipline:project_management: 15 mini seconds publishing element
Info: RoleSet:management_and_planning: 0 mini seconds publishing element
Info: RoleSet:quality_assurance_team: 16 mini seconds publishing element
Info: RoleSet:code_review_team: 0 mini seconds publishing element
Info: Domain:validation: 16 mini seconds publishing element
Info: RoleSet:development_team: 0 mini seconds publishing element
Info: Domain:coding_standards_and_best_practices: 15 mini seconds publishing element
Info: Domain:programming: 16 mini seconds publishing element
Info: Domain:software_design_and_developing: 0 mini seconds publishing element
Info: Domain:testing: 0 mini seconds publishing element
Info: Domain:project_management: 15 mini seconds publishing element
Info: Domain:requirements_analysis: 0 mini seconds publishing element
Info: Domain:code_analysis_and_quality_measurement: 16 mini seconds publishing element
Info: : Publishing time: 1 minutes 25 seconds
